<?xml version="1.0" encoding="UTF-8"?>
<coverage generated="1650625809248" clover="3.2.0">
  <project timestamp="1650625809248" name="All files">
    <metrics statements="35" coveredstatements="19" conditionals="0" coveredconditionals="0" methods="8" coveredmethods="3" elements="43" coveredelements="22" complexity="0" loc="35" ncloc="35" packages="3" files="3" classes="3"/>
    <package name="controllers">
      <metrics statements="13" coveredstatements="11" conditionals="0" coveredconditionals="0" methods="2" coveredmethods="2"/>
      <file name="leaderboard.js" path="/Users/apple/Desktop/de_work/futureproof/Lola/api/controllers/leaderboard.js">
        <metrics statements="13" coveredstatements="11" conditionals="0" coveredconditionals="0" methods="2" coveredmethods="2"/>
        <line num="1" count="1" type="stmt"/>
        <line num="5" count="1" type="stmt"/>
        <line num="7" count="1" type="stmt"/>
        <line num="8" count="1" type="stmt"/>
        <line num="9" count="1" type="stmt"/>
        <line num="10" count="1" type="stmt"/>
        <line num="11" count="1" type="stmt"/>
        <line num="13" count="0" type="stmt"/>
        <line num="18" count="1" type="stmt"/>
        <line num="19" count="1" type="stmt"/>
        <line num="20" count="1" type="stmt"/>
        <line num="22" count="0" type="stmt"/>
        <line num="26" count="1" type="stmt"/>
      </file>
    </package>
    <package name="dbConfig">
      <metrics statements="3" coveredstatements="3" conditionals="0" coveredconditionals="0" methods="0" coveredmethods="0"/>
      <file name="init.js" path="/Users/apple/Desktop/de_work/futureproof/Lola/api/dbConfig/init.js">
        <metrics statements="3" coveredstatements="3" conditionals="0" coveredconditionals="0" methods="0" coveredmethods="0"/>
        <line num="1" count="1" type="stmt"/>
        <line num="3" count="1" type="stmt"/>
        <line num="5" count="1" type="stmt"/>
      </file>
    </package>
    <package name="models">
      <metrics statements="19" coveredstatements="5" conditionals="0" coveredconditionals="0" methods="6" coveredmethods="1"/>
      <file name="leaderboard.js" path="/Users/apple/Desktop/de_work/futureproof/Lola/api/models/leaderboard.js">
        <metrics statements="19" coveredstatements="5" conditionals="0" coveredconditionals="0" methods="6" coveredmethods="1"/>
        <line num="1" count="1" type="stmt"/>
        <line num="5" count="2" type="stmt"/>
        <line num="6" count="2" type="stmt"/>
        <line num="7" count="2" type="stmt"/>
        <line num="11" count="0" type="stmt"/>
        <line num="12" count="0" type="stmt"/>
        <line num="13" count="0" type="stmt"/>
        <line num="14" count="0" type="stmt"/>
        <line num="16" count="0" type="stmt"/>
        <line num="18" count="0" type="stmt"/>
        <line num="24" count="0" type="stmt"/>
        <line num="26" count="0" type="stmt"/>
        <line num="27" count="0" type="stmt"/>
        <line num="28" count="0" type="stmt"/>
        <line num="29" count="0" type="stmt"/>
        <line num="34" count="0" type="stmt"/>
        <line num="35" count="0" type="stmt"/>
        <line num="37" count="0" type="stmt"/>
        <line num="46" count="1" type="stmt"/>
      </file>
    </package>
  </project>
</coverage>
